06-27 15:27:30.929 25231-25231/uk.co.tomek.judopayapp E/AndroidRuntime: FATAL EXCEPTION: main
    Process: uk.co.tomek.judopayapp, PID: 25231
    java.lang.RuntimeException: Unable to start activity ComponentInfo{uk.co.tomek.judopayapp/uk.co.tomek.judopayapp.MainActivity}: android.view.InflateException: Binary XML file line #12: Binary XML file line #12: Error inflating class <unknown>
        at android.app.ActivityThread.performLaunchActivity(ActivityThread.java:2778)
        at android.app.ActivityThread.handleLaunchActivity(ActivityThread.java:2856)
        at android.app.ActivityThread.-wrap11(Unknown Source:0)
        at android.app.ActivityThread$H.handleMessage(ActivityThread.java:1589)
        at android.os.Handler.dispatchMessage(Handler.java:106)
        at android.os.Looper.loop(Looper.java:164)
        at android.app.ActivityThread.main(ActivityThread.java:6494)
        at java.lang.reflect.Method.invoke(Native Method)
        at com.android.internal.os.RuntimeInit$MethodAndArgsCaller.run(RuntimeInit.java:438)
        at com.android.internal.os.ZygoteInit.main(ZygoteInit.java:807)
     Caused by: android.view.InflateException: Binary XML file line #12: Binary XML file line #12: Error inflating class <unknown>
     Caused by: android.view.InflateException: Binary XML file line #12: Error inflating class <unknown>
     Caused by: java.lang.reflect.InvocationTargetException
        at java.lang.reflect.Constructor.newInstance0(Native Method)
        at java.lang.reflect.Constructor.newInstance(Constructor.java:334)
        at android.view.LayoutInflater.createView(LayoutInflater.java:647)
        at com.android.internal.policy.PhoneLayoutInflater.onCreateView(PhoneLayoutInflater.java:58)
        at android.view.LayoutInflater.onCreateView(LayoutInflater.java:720)
        at android.view.LayoutInflater.createViewFromTag(LayoutInflater.java:788)
        at android.view.LayoutInflater.createViewFromTag(LayoutInflater.java:730)
        at android.view.LayoutInflater.rInflate(LayoutInflater.java:863)
        at android.view.LayoutInflater.rInflateChildren(LayoutInflater.java:824)
        at android.view.LayoutInflater.inflate(LayoutInflater.java:515)
        at android.view.LayoutInflater.inflate(LayoutInflater.java:423)
        at com.judopay.c.onCreateView(Unknown Source:3)
        at com.judopay.PaymentFragment.onCreateView(Unknown Source:0)
        at android.app.Fragment.performCreateView(Fragment.java:2508)
        at android.app.FragmentManagerImpl.moveToState(FragmentManager.java:1279)
        at android.app.FragmentManagerImpl.moveFragmentToExpectedState(FragmentManager.java:1557)
        at android.app.FragmentManagerImpl.moveToState(FragmentManager.java:1618)
        at android.app.BackStackRecord.executeOps(BackStackRecord.java:807)
        at android.app.FragmentManagerImpl.executeOps(FragmentManager.java:2386)
        at android.app.FragmentManagerImpl.executeOpsTogether(FragmentManager.java:2181)
        at android.app.FragmentManagerImpl.removeRedundantOperationsAndExecute(FragmentManager.java:2136)
        at android.app.FragmentManagerImpl.execPendingActions(FragmentManager.java:2043)
        at android.app.FragmentManagerImpl.dispatchMoveToState(FragmentManager.java:3032)
        at android.app.FragmentManagerImpl.dispatchActivityCreated(FragmentManager.java:2979)
        at android.app.FragmentController.dispatchActivityCreated(FragmentController.java:178)
        at android.app.Activity.performCreate(Activity.java:7015)
        at android.app.Activity.performCreate(Activity.java:7000)
        at android.app.Instrumentation.callActivityOnCreate(Instrumentation.java:1214)
        at android.app.ActivityThread.performLaunchActivity(ActivityThread.java:2731)
        at android.app.ActivityThread.handleLaunchActivity(ActivityThread.java:2856)
        at android.app.ActivityThread.-wrap11(Unknown Source:0)
        at android.app.ActivityThread$H.handleMessage(ActivityThread.java:1589)
        at android.os.Handler.dispatchMessage(Handler.java:106)
        at android.os.Looper.loop(Looper.java:164)
        at android.app.ActivityThread.main(ActivityThread.java:6494)
        at java.lang.reflect.Method.invoke(Native Method)
        at com.android.internal.os.RuntimeInit$MethodAndArgsCaller.run(RuntimeInit.java:438)
        at com.android.internal.os.ZygoteInit.main(ZygoteInit.java:807)
    Caused by: java.lang.UnsupportedOperationException: Failed to resolve attribute at index 13: TypedValue{t=0x2/d=0x7f0300f7 a=4}
        at android.content.res.TypedArray.getDrawableForDensity(TypedArray.java:944)
        at android.content.res.TypedArray.getDrawable(TypedArray.java:928)
        at android.view.View.<init>(View.java:4768)
        at android.view.ViewGroup.<init>(ViewGroup.java:597)
        at android.widget.LinearLayout.<init>(LinearLayout.java:234)
        at android.widget.LinearLayout.<init>(LinearLayout.java:230)
        at android.widget.LinearLayout.<init>(LinearLayout.java:226)
        	... 38 more
